2014-12-23 18:07:32 Error: [MissingPluginException] Plugin DebugKit could not be found.
Exception Attributes: array (
  'plugin' => 'DebugKit',
)
Request URL: /cakephp/
Stack Trace:
#0 /Applications/MAMP/htdocs/cakephp/lib/Cake/Core/App.php(227): CakePlugin::path('DebugKit')
#1 /Applications/MAMP/htdocs/cakephp/lib/Cake/Core/App.php(549): App::path('Controller/Comp...', 'DebugKit')
#2 [internal function]: App::load('ToolbarComponen...')
#3 [internal function]: spl_autoload_call('ToolbarComponen...')
#4 /Applications/MAMP/htdocs/cakephp/lib/Cake/Controller/ComponentCollection.php(110): class_exists('ToolbarComponen...')
#5 /Applications/MAMP/htdocs/cakephp/lib/Cake/Controller/ComponentCollection.php(53): ComponentCollection->load('DebugKit.Toolba...', Array)
#6 /Applications/MAMP/htdocs/cakephp/lib/Cake/Controller/Controller.php(643): ComponentCollection->init(Object(PagesController))
#7 /Applications/MAMP/htdocs/cakephp/lib/Cake/Routing/Dispatcher.php(188): Controller->constructClasses()
#8 /Applications/MAMP/htdocs/cakephp/lib/Cake/Routing/Dispatcher.php(167): Dispatcher->_invoke(Object(PagesController), Object(CakeRequest))
#9 /Applications/MAMP/htdocs/cakephp/app/webroot/index.php(118): Dispatcher->dispatch(Object(CakeRequest), Object(CakeResponse))
#10 {main}
2014-12-23 18:12:22 Error: [MissingPluginException] Plugin DebugKit could not be found.
Exception Attributes: array (
  'plugin' => 'DebugKit',
)
Request URL: /cakephp/
Stack Trace:
#0 /Applications/MAMP/htdocs/cakephp/lib/Cake/Core/App.php(227): CakePlugin::path('DebugKit')
#1 /Applications/MAMP/htdocs/cakephp/lib/Cake/Core/App.php(549): App::path('Controller/Comp...', 'DebugKit')
#2 [internal function]: App::load('ToolbarComponen...')
#3 [internal function]: spl_autoload_call('ToolbarComponen...')
#4 /Applications/MAMP/htdocs/cakephp/lib/Cake/Controller/ComponentCollection.php(110): class_exists('ToolbarComponen...')
#5 /Applications/MAMP/htdocs/cakephp/lib/Cake/Controller/ComponentCollection.php(53): ComponentCollection->load('DebugKit.Toolba...', Array)
#6 /Applications/MAMP/htdocs/cakephp/lib/Cake/Controller/Controller.php(643): ComponentCollection->init(Object(PagesController))
#7 /Applications/MAMP/htdocs/cakephp/lib/Cake/Routing/Dispatcher.php(188): Controller->constructClasses()
#8 /Applications/MAMP/htdocs/cakephp/lib/Cake/Routing/Dispatcher.php(167): Dispatcher->_invoke(Object(PagesController), Object(CakeRequest))
#9 /Applications/MAMP/htdocs/cakephp/app/webroot/index.php(118): Dispatcher->dispatch(Object(CakeRequest), Object(CakeResponse))
#10 {main}
2014-12-23 18:12:23 Error: [MissingPluginException] Plugin DebugKit could not be found.
Exception Attributes: array (
  'plugin' => 'DebugKit',
)
Request URL: /cakephp/
Stack Trace:
#0 /Applications/MAMP/htdocs/cakephp/lib/Cake/Core/App.php(227): CakePlugin::path('DebugKit')
#1 /Applications/MAMP/htdocs/cakephp/lib/Cake/Core/App.php(549): App::path('Controller/Comp...', 'DebugKit')
#2 [internal function]: App::load('ToolbarComponen...')
#3 [internal function]: spl_autoload_call('ToolbarComponen...')
#4 /Applications/MAMP/htdocs/cakephp/lib/Cake/Controller/ComponentCollection.php(110): class_exists('ToolbarComponen...')
#5 /Applications/MAMP/htdocs/cakephp/lib/Cake/Controller/ComponentCollection.php(53): ComponentCollection->load('DebugKit.Toolba...', Array)
#6 /Applications/MAMP/htdocs/cakephp/lib/Cake/Controller/Controller.php(643): ComponentCollection->init(Object(PagesController))
#7 /Applications/MAMP/htdocs/cakephp/lib/Cake/Routing/Dispatcher.php(188): Controller->constructClasses()
#8 /Applications/MAMP/htdocs/cakephp/lib/Cake/Routing/Dispatcher.php(167): Dispatcher->_invoke(Object(PagesController), Object(CakeRequest))
#9 /Applications/MAMP/htdocs/cakephp/app/webroot/index.php(118): Dispatcher->dispatch(Object(CakeRequest), Object(CakeResponse))
#10 {main}
2014-12-23 18:12:24 Error: [MissingPluginException] Plugin DebugKit could not be found.
Exception Attributes: array (
  'plugin' => 'DebugKit',
)
Request URL: /cakephp/
Stack Trace:
#0 /Applications/MAMP/htdocs/cakephp/lib/Cake/Core/App.php(227): CakePlugin::path('DebugKit')
#1 /Applications/MAMP/htdocs/cakephp/lib/Cake/Core/App.php(549): App::path('Controller/Comp...', 'DebugKit')
#2 [internal function]: App::load('ToolbarComponen...')
#3 [internal function]: spl_autoload_call('ToolbarComponen...')
#4 /Applications/MAMP/htdocs/cakephp/lib/Cake/Controller/ComponentCollection.php(110): class_exists('ToolbarComponen...')
#5 /Applications/MAMP/htdocs/cakephp/lib/Cake/Controller/ComponentCollection.php(53): ComponentCollection->load('DebugKit.Toolba...', Array)
#6 /Applications/MAMP/htdocs/cakephp/lib/Cake/Controller/Controller.php(643): ComponentCollection->init(Object(PagesController))
#7 /Applications/MAMP/htdocs/cakephp/lib/Cake/Routing/Dispatcher.php(188): Controller->constructClasses()
#8 /Applications/MAMP/htdocs/cakephp/lib/Cake/Routing/Dispatcher.php(167): Dispatcher->_invoke(Object(PagesController), Object(CakeRequest))
#9 /Applications/MAMP/htdocs/cakephp/app/webroot/index.php(118): Dispatcher->dispatch(Object(CakeRequest), Object(CakeResponse))
#10 {main}
2014-12-23 18:12:34 Error: [MissingPluginException] Plugin DebugKit could not be found.
Exception Attributes: array (
  'plugin' => 'DebugKit',
)
Request URL: /cakephp/
Stack Trace:
#0 /Applications/MAMP/htdocs/cakephp/lib/Cake/Core/App.php(227): CakePlugin::path('DebugKit')
#1 /Applications/MAMP/htdocs/cakephp/lib/Cake/Core/App.php(549): App::path('Controller/Comp...', 'DebugKit')
#2 [internal function]: App::load('ToolbarComponen...')
#3 [internal function]: spl_autoload_call('ToolbarComponen...')
#4 /Applications/MAMP/htdocs/cakephp/lib/Cake/Controller/ComponentCollection.php(110): class_exists('ToolbarComponen...')
#5 /Applications/MAMP/htdocs/cakephp/lib/Cake/Controller/ComponentCollection.php(53): ComponentCollection->load('DebugKit.Toolba...', Array)
#6 /Applications/MAMP/htdocs/cakephp/lib/Cake/Controller/Controller.php(643): ComponentCollection->init(Object(PagesController))
#7 /Applications/MAMP/htdocs/cakephp/lib/Cake/Routing/Dispatcher.php(188): Controller->constructClasses()
#8 /Applications/MAMP/htdocs/cakephp/lib/Cake/Routing/Dispatcher.php(167): Dispatcher->_invoke(Object(PagesController), Object(CakeRequest))
#9 /Applications/MAMP/htdocs/cakephp/app/webroot/index.php(118): Dispatcher->dispatch(Object(CakeRequest), Object(CakeResponse))
#10 {main}
2014-12-23 18:12:35 Error: [MissingPluginException] Plugin DebugKit could not be found.
Exception Attributes: array (
  'plugin' => 'DebugKit',
)
Request URL: /cakephp/
Stack Trace:
#0 /Applications/MAMP/htdocs/cakephp/lib/Cake/Core/App.php(227): CakePlugin::path('DebugKit')
#1 /Applications/MAMP/htdocs/cakephp/lib/Cake/Core/App.php(549): App::path('Controller/Comp...', 'DebugKit')
#2 [internal function]: App::load('ToolbarComponen...')
#3 [internal function]: spl_autoload_call('ToolbarComponen...')
#4 /Applications/MAMP/htdocs/cakephp/lib/Cake/Controller/ComponentCollection.php(110): class_exists('ToolbarComponen...')
#5 /Applications/MAMP/htdocs/cakephp/lib/Cake/Controller/ComponentCollection.php(53): ComponentCollection->load('DebugKit.Toolba...', Array)
#6 /Applications/MAMP/htdocs/cakephp/lib/Cake/Controller/Controller.php(643): ComponentCollection->init(Object(PagesController))
#7 /Applications/MAMP/htdocs/cakephp/lib/Cake/Routing/Dispatcher.php(188): Controller->constructClasses()
#8 /Applications/MAMP/htdocs/cakephp/lib/Cake/Routing/Dispatcher.php(167): Dispatcher->_invoke(Object(PagesController), Object(CakeRequest))
#9 /Applications/MAMP/htdocs/cakephp/app/webroot/index.php(118): Dispatcher->dispatch(Object(CakeRequest), Object(CakeResponse))
#10 {main}
2014-12-23 18:13:31 Error: [MissingPluginException] Plugin DebugKit could not be found.
Exception Attributes: array (
  'plugin' => 'DebugKit',
)
Request URL: /cakephp/
Stack Trace:
#0 /Applications/MAMP/htdocs/cakephp/lib/Cake/Core/App.php(227): CakePlugin::path('DebugKit')
#1 /Applications/MAMP/htdocs/cakephp/lib/Cake/Core/App.php(549): App::path('Controller/Comp...', 'DebugKit')
#2 [internal function]: App::load('ToolbarComponen...')
#3 [internal function]: spl_autoload_call('ToolbarComponen...')
#4 /Applications/MAMP/htdocs/cakephp/lib/Cake/Controller/ComponentCollection.php(110): class_exists('ToolbarComponen...')
#5 /Applications/MAMP/htdocs/cakephp/lib/Cake/Controller/ComponentCollection.php(53): ComponentCollection->load('DebugKit.Toolba...', Array)
#6 /Applications/MAMP/htdocs/cakephp/lib/Cake/Controller/Controller.php(643): ComponentCollection->init(Object(PagesController))
#7 /Applications/MAMP/htdocs/cakephp/lib/Cake/Routing/Dispatcher.php(188): Controller->constructClasses()
#8 /Applications/MAMP/htdocs/cakephp/lib/Cake/Routing/Dispatcher.php(167): Dispatcher->_invoke(Object(PagesController), Object(CakeRequest))
#9 /Applications/MAMP/htdocs/cakephp/app/webroot/index.php(118): Dispatcher->dispatch(Object(CakeRequest), Object(CakeResponse))
#10 {main}
2014-12-23 19:35:50 Error: Fatal Error (4): syntax error, unexpected '<' in [/Applications/MAMP/htdocs/cakephp/app/View/Pages/home.ctp, line 22]
2014-12-23 19:35:50 Error: [FatalErrorException] syntax error, unexpected '<'
Request URL: /cakephp/
Stack Trace:
#0 /Applications/MAMP/htdocs/cakephp/lib/Cake/Error/ErrorHandler.php(203): ErrorHandler::handleFatalError(4, 'syntax error, u...', '/Applications/M...', 22)
#1 [internal function]: ErrorHandler::handleError(4, 'syntax error, u...', '/Applications/M...', 22, Array)
#2 /Applications/MAMP/htdocs/cakephp/lib/Cake/Core/App.php(931): call_user_func('ErrorHandler::h...', 4, 'syntax error, u...', '/Applications/M...', 22, Array)
#3 /Applications/MAMP/htdocs/cakephp/lib/Cake/Core/App.php(904): App::_checkFatalError()
#4 [internal function]: App::shutdown()
#5 {main}
2014-12-23 19:51:04 Error: [MissingViewException] View file "Pages/index.php.ctp" is missing.
Exception Attributes: array (
  'file' => 'Pages/index.php.ctp',
)
Request URL: /cakephp/pages/index.php
Stack Trace:
#0 /Applications/MAMP/htdocs/cakephp/lib/Cake/View/View.php(470): View->_getViewFileName('index.php')
#1 /Applications/MAMP/htdocs/cakephp/lib/Cake/Controller/Controller.php(959): View->render('index.php', NULL)
#2 /Applications/MAMP/htdocs/cakephp/app/Controller/PagesController.php(68): Controller->render('index.php')
#3 [internal function]: PagesController->display('index.php')
#4 /Applications/MAMP/htdocs/cakephp/lib/Cake/Controller/Controller.php(490): ReflectionMethod->invokeArgs(Object(PagesController), Array)
#5 /Applications/MAMP/htdocs/cakephp/lib/Cake/Routing/Dispatcher.php(193): Controller->invokeAction(Object(CakeRequest))
#6 /Applications/MAMP/htdocs/cakephp/lib/Cake/Routing/Dispatcher.php(167): Dispatcher->_invoke(Object(PagesController), Object(CakeRequest))
#7 /Applications/MAMP/htdocs/cakephp/app/webroot/index.php(118): Dispatcher->dispatch(Object(CakeRequest), Object(CakeResponse))
#8 {main}
2014-12-23 19:51:40 Error: [MissingViewException] View file "Pages/index.ctp" is missing.
Exception Attributes: array (
  'file' => 'Pages/index.ctp',
)
Request URL: /cakephp/pages/index
Stack Trace:
#0 /Applications/MAMP/htdocs/cakephp/lib/Cake/View/View.php(470): View->_getViewFileName('index')
#1 /Applications/MAMP/htdocs/cakephp/lib/Cake/Controller/Controller.php(959): View->render('index', NULL)
#2 /Applications/MAMP/htdocs/cakephp/app/Controller/PagesController.php(68): Controller->render('index')
#3 [internal function]: PagesController->display('index')
#4 /Applications/MAMP/htdocs/cakephp/lib/Cake/Controller/Controller.php(490): ReflectionMethod->invokeArgs(Object(PagesController), Array)
#5 /Applications/MAMP/htdocs/cakephp/lib/Cake/Routing/Dispatcher.php(193): Controller->invokeAction(Object(CakeRequest))
#6 /Applications/MAMP/htdocs/cakephp/lib/Cake/Routing/Dispatcher.php(167): Dispatcher->_invoke(Object(PagesController), Object(CakeRequest))
#7 /Applications/MAMP/htdocs/cakephp/app/webroot/index.php(118): Dispatcher->dispatch(Object(CakeRequest), Object(CakeResponse))
#8 {main}
2014-12-23 20:17:01 Error: [PrivateActionException] Private Action UsersController::admin_index() is not directly accessible.
Exception Attributes: array (
  'controller' => 'UsersController',
  'action' => 'admin_index',
)
Request URL: /cakephp/users/admin_index
Stack Trace:
#0 /Applications/MAMP/htdocs/cakephp/lib/Cake/Routing/Dispatcher.php(193): Controller->invokeAction(Object(CakeRequest))
#1 /Applications/MAMP/htdocs/cakephp/lib/Cake/Routing/Dispatcher.php(167): Dispatcher->_invoke(Object(UsersController), Object(CakeRequest))
#2 /Applications/MAMP/htdocs/cakephp/app/webroot/index.php(118): Dispatcher->dispatch(Object(CakeRequest), Object(CakeResponse))
#3 {main}
2014-12-23 20:17:46 Error: [PrivateActionException] Private Action PostsController::admin_index() is not directly accessible.
Exception Attributes: array (
  'controller' => 'PostsController',
  'action' => 'admin_index',
)
Request URL: /cakephp/posts/admin_index
Stack Trace:
#0 /Applications/MAMP/htdocs/cakephp/lib/Cake/Routing/Dispatcher.php(193): Controller->invokeAction(Object(CakeRequest))
#1 /Applications/MAMP/htdocs/cakephp/lib/Cake/Routing/Dispatcher.php(167): Dispatcher->_invoke(Object(PostsController), Object(CakeRequest))
#2 /Applications/MAMP/htdocs/cakephp/app/webroot/index.php(118): Dispatcher->dispatch(Object(CakeRequest), Object(CakeResponse))
#3 {main}
2014-12-23 20:43:03 Error: [NotFoundException] Invalid user
Request URL: /cakephp/users/view/Jo%C3%A3o%20dos%20Santos
Stack Trace:
#0 [internal function]: UsersController->view('Jo\xC3\xA3o dos Santo...')
#1 /Applications/MAMP/htdocs/cakephp/lib/Cake/Controller/Controller.php(490): ReflectionMethod->invokeArgs(Object(UsersController), Array)
#2 /Applications/MAMP/htdocs/cakephp/lib/Cake/Routing/Dispatcher.php(193): Controller->invokeAction(Object(CakeRequest))
#3 /Applications/MAMP/htdocs/cakephp/lib/Cake/Routing/Dispatcher.php(167): Dispatcher->_invoke(Object(UsersController), Object(CakeRequest))
#4 /Applications/MAMP/htdocs/cakephp/app/webroot/index.php(118): Dispatcher->dispatch(Object(CakeRequest), Object(CakeResponse))
#5 {main}
